################################
Namespace(backbone='resnet34'
 batch_size=1024
 ckpt_load_path='./checkpoints_all/rotation_final.ckpt'
 ckpt_prefix='classification'
 ckpt_save_freq=20
 ckpt_save_path='./checkpoints_classification'
 feature_layer_index=1
 gpu=True
 lr=0.001
 momentum=0.9
 num_epochs=100
 num_workers=2
 optimizer='adam'
 report_path='./reports_classification_all_4'
 show_all_angles=False
 shuffle_data=False
 test_data_path='./datasets/cifar10'
 train_data_path='/content/datasets/cifar10'
 val_data_path='/content/datasets/cifar10'
 weight_decay=0.0005)
################################
Files already downloaded and verified
Files already downloaded and verified
Files already downloaded and verified
Loading './checkpoints_all/rotation_final.ckpt'
Model is loaded successfully.
MyResNet34(
  (backbone): ResNet(
    (conv1): Conv2d(3, 64, kernel_size=(7, 7), stride=(2, 2), padding=(3, 3), bias=False)
    (bn1): BatchNorm2d(64, eps=1e-05, momentum=0.1, affine=True, track_running_stats=True)
    (relu): ReLU(inplace=True)
    (maxpool): MaxPool2d(kernel_size=3, stride=2, padding=1, dilation=1, ceil_mode=False)
    (layer1): Sequential(
      (0): BasicBlock(
        (conv1): Conv2d(64, 64, kernel_size=(3, 3), stride=(1, 1), padding=(1, 1), bias=False)
        (bn1): BatchNorm2d(64, eps=1e-05, momentum=0.1, affine=True, track_running_stats=True)
        (relu): ReLU(inplace=True)
        (conv2): Conv2d(64, 64, kernel_size=(3, 3), stride=(1, 1), padding=(1, 1), bias=False)
        (bn2): BatchNorm2d(64, eps=1e-05, momentum=0.1, affine=True, track_running_stats=True)
      )
      (1): BasicBlock(
        (conv1): Conv2d(64, 64, kernel_size=(3, 3), stride=(1, 1), padding=(1, 1), bias=False)
        (bn1): BatchNorm2d(64, eps=1e-05, momentum=0.1, affine=True, track_running_stats=True)
        (relu): ReLU(inplace=True)
        (conv2): Conv2d(64, 64, kernel_size=(3, 3), stride=(1, 1), padding=(1, 1), bias=False)
        (bn2): BatchNorm2d(64, eps=1e-05, momentum=0.1, affine=True, track_running_stats=True)
      )
      (2): BasicBlock(
        (conv1): Conv2d(64, 64, kernel_size=(3, 3), stride=(1, 1), padding=(1, 1), bias=False)
        (bn1): BatchNorm2d(64, eps=1e-05, momentum=0.1, affine=True, track_running_stats=True)
        (relu): ReLU(inplace=True)
        (conv2): Conv2d(64, 64, kernel_size=(3, 3), stride=(1, 1), padding=(1, 1), bias=False)
        (bn2): BatchNorm2d(64, eps=1e-05, momentum=0.1, affine=True, track_running_stats=True)
      )
    )
    (layer2): Identity()
    (layer3): Identity()
    (layer4): Identity()
    (avgpool): AdaptiveAvgPool2d(output_size=(1, 1))
    (fc): Identity()
  )
  (my_classifier): Sequential(
    (0): BatchNorm1d(64, eps=1e-05, momentum=0.1, affine=True, track_running_stats=True)
    (1): Linear(in_features=64, out_features=32, bias=True)
    (2): Dropout(p=0.2, inplace=True)
    (3): Linear(in_features=32, out_features=16, bias=True)
    (4): Dropout(p=0.2, inplace=True)
    (5): Linear(in_features=16, out_features=10, bias=True)
  )
)
Adam (
Parameter Group 0
    amsgrad: False
    betas: (0.9, 0.999)
    eps: 1e-08
    lr: 0.001
    maximize: False
    weight_decay: 0.0005
)
Training Classifier @ Epoch 0: 100% 43/43 [00:07<00:00,  5.77it/s, acc1=24.316, acc2=41.536, loss=2.110, lr=1.00000e-03]
Evaluation Classifier @ Epoch 0: 100% 4/4 [00:00<00:00,  4.66it/s, acc1=38.110, acc2=60.620, loss=2.008]
Training Classifier @ Epoch 1: 100% 43/43 [00:07<00:00,  5.75it/s, acc1=38.938, acc2=62.782, loss=1.694, lr=1.00000e-03]
Evaluation Classifier @ Epoch 1: 100% 4/4 [00:00<00:00,  4.87it/s, acc1=47.852, acc2=70.679, loss=1.474]
Training Classifier @ Epoch 2: 100% 43/43 [00:07<00:00,  5.63it/s, acc1=43.841, acc2=67.957, loss=1.521, lr=1.00000e-03]
Evaluation Classifier @ Epoch 2: 100% 4/4 [00:00<00:00,  4.71it/s, acc1=51.562, acc2=73.242, loss=1.368]
Training Classifier @ Epoch 3: 100% 43/43 [00:07<00:00,  5.72it/s, acc1=46.698, acc2=70.228, loss=1.458, lr=1.00000e-03]
Evaluation Classifier @ Epoch 3: 100% 4/4 [00:00<00:00,  4.80it/s, acc1=53.809, acc2=74.512, loss=1.322]
Training Classifier @ Epoch 4: 100% 43/43 [00:07<00:00,  5.69it/s, acc1=48.356, acc2=71.378, loss=1.422, lr=1.00000e-03]
Evaluation Classifier @ Epoch 4: 100% 4/4 [00:00<00:00,  4.76it/s, acc1=54.126, acc2=75.171, loss=1.295]
Training Classifier @ Epoch 5: 100% 43/43 [00:07<00:00,  5.62it/s, acc1=48.758, acc2=71.725, loss=1.407, lr=1.00000e-04]
Evaluation Classifier @ Epoch 5: 100% 4/4 [00:00<00:00,  4.76it/s, acc1=54.663, acc2=75.098, loss=1.291]
Training Classifier @ Epoch 6: 100% 43/43 [00:07<00:00,  5.77it/s, acc1=49.332, acc2=71.861, loss=1.401, lr=1.00000e-04]
Evaluation Classifier @ Epoch 6: 100% 4/4 [00:00<00:00,  4.74it/s, acc1=54.517, acc2=75.098, loss=1.289]
Training Classifier @ Epoch 7: 100% 43/43 [00:07<00:00,  5.77it/s, acc1=49.307, acc2=71.736, loss=1.402, lr=1.00000e-04]
Evaluation Classifier @ Epoch 7: 100% 4/4 [00:00<00:00,  4.76it/s, acc1=54.761, acc2=75.122, loss=1.286]
Training Classifier @ Epoch 8: 100% 43/43 [00:07<00:00,  5.62it/s, acc1=49.605, acc2=72.004, loss=1.399, lr=1.00000e-04]
Evaluation Classifier @ Epoch 8: 100% 4/4 [00:00<00:00,  4.71it/s, acc1=55.127, acc2=75.049, loss=1.285]
Training Classifier @ Epoch 9: 100% 43/43 [00:07<00:00,  5.66it/s, acc1=49.428, acc2=72.043, loss=1.393, lr=1.00000e-05]
Evaluation Classifier @ Epoch 9: 100% 4/4 [00:00<00:00,  4.67it/s, acc1=55.005, acc2=75.049, loss=1.285]
Training Classifier @ Epoch 10: 100% 43/43 [00:07<00:00,  5.70it/s, acc1=49.412, acc2=72.138, loss=1.397, lr=1.00000e-05]
Evaluation Classifier @ Epoch 10: 100% 4/4 [00:00<00:00,  4.77it/s, acc1=55.029, acc2=75.073, loss=1.285]
Training Classifier @ Epoch 11: 100% 43/43 [00:07<00:00,  5.74it/s, acc1=49.450, acc2=72.000, loss=1.399, lr=1.00000e-05]
Evaluation Classifier @ Epoch 11: 100% 4/4 [00:00<00:00,  4.85it/s, acc1=55.054, acc2=75.098, loss=1.284]
Training Classifier @ Epoch 12: 100% 43/43 [00:07<00:00,  5.71it/s, acc1=49.475, acc2=72.007, loss=1.391, lr=1.00000e-05]
Evaluation Classifier @ Epoch 12: 100% 4/4 [00:00<00:00,  4.70it/s, acc1=55.103, acc2=75.122, loss=1.284]
Training Classifier @ Epoch 13: 100% 43/43 [00:07<00:00,  5.76it/s, acc1=49.248, acc2=72.034, loss=1.396, lr=1.00000e-06]
Evaluation Classifier @ Epoch 13: 100% 4/4 [00:00<00:00,  4.78it/s, acc1=55.127, acc2=75.171, loss=1.284]
Training Classifier @ Epoch 14: 100% 43/43 [00:07<00:00,  5.77it/s, acc1=49.450, acc2=72.229, loss=1.395, lr=1.00000e-06]
Evaluation Classifier @ Epoch 14: 100% 4/4 [00:00<00:00,  4.55it/s, acc1=54.980, acc2=75.146, loss=1.284]
Training Classifier @ Epoch 15: 100% 43/43 [00:07<00:00,  5.74it/s, acc1=49.103, acc2=71.768, loss=1.400, lr=1.00000e-06]
Evaluation Classifier @ Epoch 15: 100% 4/4 [00:00<00:00,  4.72it/s, acc1=55.054, acc2=75.171, loss=1.284]
Training Classifier @ Epoch 16: 100% 43/43 [00:07<00:00,  5.61it/s, acc1=49.505, acc2=72.000, loss=1.395, lr=1.00000e-06]
Evaluation Classifier @ Epoch 16: 100% 4/4 [00:00<00:00,  4.65it/s, acc1=55.103, acc2=75.098, loss=1.284]
Training Classifier @ Epoch 17: 100% 43/43 [00:07<00:00,  5.67it/s, acc1=49.459, acc2=72.086, loss=1.396, lr=1.00000e-06]
Evaluation Classifier @ Epoch 17: 100% 4/4 [00:00<00:00,  4.82it/s, acc1=55.005, acc2=75.073, loss=1.284]
Training Classifier @ Epoch 18: 100% 43/43 [00:07<00:00,  5.70it/s, acc1=49.503, acc2=71.968, loss=1.396, lr=1.00000e-06]
Evaluation Classifier @ Epoch 18: 100% 4/4 [00:00<00:00,  4.67it/s, acc1=55.078, acc2=75.171, loss=1.284]
Training Classifier @ Epoch 19: 100% 43/43 [00:07<00:00,  5.71it/s, acc1=49.437, acc2=71.968, loss=1.395, lr=1.00000e-06]
Evaluation Classifier @ Epoch 19: 100% 4/4 [00:00<00:00,  4.66it/s, acc1=55.005, acc2=75.000, loss=1.284]
(Epoch: 19) > Model Saved.
Training Classifier @ Epoch 20: 100% 43/43 [00:07<00:00,  5.76it/s, acc1=49.167, acc2=71.823, loss=1.399, lr=1.00000e-06]
Evaluation Classifier @ Epoch 20: 100% 4/4 [00:00<00:00,  4.71it/s, acc1=55.151, acc2=75.122, loss=1.284]
Training Classifier @ Epoch 21: 100% 43/43 [00:07<00:00,  5.79it/s, acc1=49.487, acc2=72.309, loss=1.396, lr=1.00000e-06]
Evaluation Classifier @ Epoch 21: 100% 4/4 [00:00<00:00,  4.80it/s, acc1=55.054, acc2=75.049, loss=1.285]
Training Classifier @ Epoch 22: 100% 43/43 [00:07<00:00,  5.76it/s, acc1=49.441, acc2=72.170, loss=1.394, lr=1.00000e-06]
Evaluation Classifier @ Epoch 22: 100% 4/4 [00:00<00:00,  4.78it/s, acc1=55.078, acc2=75.049, loss=1.284]
Training Classifier @ Epoch 23: 100% 43/43 [00:07<00:00,  5.65it/s, acc1=49.500, acc2=71.993, loss=1.395, lr=1.00000e-06]
Evaluation Classifier @ Epoch 23: 100% 4/4 [00:00<00:00,  4.66it/s, acc1=55.054, acc2=75.146, loss=1.284]
Training Classifier @ Epoch 24: 100% 43/43 [00:07<00:00,  5.69it/s, acc1=49.362, acc2=72.020, loss=1.393, lr=1.00000e-06]
Evaluation Classifier @ Epoch 24: 100% 4/4 [00:00<00:00,  4.61it/s, acc1=55.005, acc2=75.146, loss=1.284]
Training Classifier @ Epoch 25: 100% 43/43 [00:07<00:00,  5.65it/s, acc1=49.228, acc2=71.954, loss=1.394, lr=1.00000e-06]
Evaluation Classifier @ Epoch 25: 100% 4/4 [00:00<00:00,  4.66it/s, acc1=55.078, acc2=75.073, loss=1.284]
Training Classifier @ Epoch 26: 100% 43/43 [00:07<00:00,  5.61it/s, acc1=49.487, acc2=72.036, loss=1.396, lr=1.00000e-06]
Evaluation Classifier @ Epoch 26: 100% 4/4 [00:00<00:00,  4.56it/s, acc1=55.029, acc2=75.098, loss=1.284]
Training Classifier @ Epoch 27: 100% 43/43 [00:07<00:00,  5.48it/s, acc1=49.319, acc2=72.039, loss=1.395, lr=1.00000e-06]
Evaluation Classifier @ Epoch 27: 100% 4/4 [00:00<00:00,  4.59it/s, acc1=55.103, acc2=75.171, loss=1.284]
Training Classifier @ Epoch 28: 100% 43/43 [00:07<00:00,  5.70it/s, acc1=49.582, acc2=71.970, loss=1.396, lr=1.00000e-06]
Evaluation Classifier @ Epoch 28: 100% 4/4 [00:00<00:00,  4.56it/s, acc1=55.029, acc2=75.122, loss=1.284]
Training Classifier @ Epoch 29: 100% 43/43 [00:07<00:00,  5.75it/s, acc1=49.369, acc2=72.184, loss=1.392, lr=1.00000e-06]
Evaluation Classifier @ Epoch 29: 100% 4/4 [00:00<00:00,  4.73it/s, acc1=54.956, acc2=75.146, loss=1.284]
Training Classifier @ Epoch 30: 100% 43/43 [00:07<00:00,  5.59it/s, acc1=49.768, acc2=71.936, loss=1.394, lr=1.00000e-06]
Evaluation Classifier @ Epoch 30: 100% 4/4 [00:00<00:00,  4.50it/s, acc1=55.151, acc2=75.122, loss=1.283]
Training Classifier @ Epoch 31: 100% 43/43 [00:07<00:00,  5.56it/s, acc1=49.732, acc2=72.454, loss=1.392, lr=1.00000e-06]
Evaluation Classifier @ Epoch 31: 100% 4/4 [00:00<00:00,  4.67it/s, acc1=55.078, acc2=75.244, loss=1.283]
Training Classifier @ Epoch 32: 100% 43/43 [00:07<00:00,  5.66it/s, acc1=49.448, acc2=71.943, loss=1.394, lr=1.00000e-06]
Evaluation Classifier @ Epoch 32: 100% 4/4 [00:00<00:00,  4.67it/s, acc1=55.054, acc2=75.098, loss=1.284]
Training Classifier @ Epoch 33: 100% 43/43 [00:07<00:00,  5.58it/s, acc1=49.323, acc2=72.300, loss=1.394, lr=1.00000e-06]
Evaluation Classifier @ Epoch 33: 100% 4/4 [00:00<00:00,  4.63it/s, acc1=55.151, acc2=75.171, loss=1.283]
Training Classifier @ Epoch 34: 100% 43/43 [00:07<00:00,  5.57it/s, acc1=49.437, acc2=72.091, loss=1.394, lr=1.00000e-06]
Evaluation Classifier @ Epoch 34: 100% 4/4 [00:00<00:00,  4.82it/s, acc1=55.005, acc2=75.098, loss=1.283]
Training Classifier @ Epoch 35: 100% 43/43 [00:07<00:00,  5.70it/s, acc1=49.405, acc2=72.395, loss=1.392, lr=1.00000e-06]
Evaluation Classifier @ Epoch 35: 100% 4/4 [00:00<00:00,  4.64it/s, acc1=55.005, acc2=75.195, loss=1.284]
Training Classifier @ Epoch 36: 100% 43/43 [00:07<00:00,  5.63it/s, acc1=49.657, acc2=72.254, loss=1.393, lr=1.00000e-06]
Evaluation Classifier @ Epoch 36: 100% 4/4 [00:00<00:00,  4.62it/s, acc1=55.054, acc2=75.098, loss=1.283]
Training Classifier @ Epoch 37: 100% 43/43 [00:07<00:00,  5.61it/s, acc1=49.407, acc2=72.018, loss=1.393, lr=1.00000e-06]
Evaluation Classifier @ Epoch 37: 100% 4/4 [00:00<00:00,  4.65it/s, acc1=55.078, acc2=75.049, loss=1.283]
Training Classifier @ Epoch 38: 100% 43/43 [00:07<00:00,  5.57it/s, acc1=49.605, acc2=72.161, loss=1.391, lr=1.00000e-06]
Evaluation Classifier @ Epoch 38: 100% 4/4 [00:00<00:00,  4.61it/s, acc1=55.151, acc2=75.049, loss=1.284]
Training Classifier @ Epoch 39: 100% 43/43 [00:07<00:00,  5.66it/s, acc1=49.687, acc2=72.109, loss=1.390, lr=1.00000e-06]
Evaluation Classifier @ Epoch 39: 100% 4/4 [00:00<00:00,  4.68it/s, acc1=54.956, acc2=75.171, loss=1.283]
(Epoch: 39) > Model Saved.
Training Classifier @ Epoch 40: 100% 43/43 [00:07<00:00,  5.59it/s, acc1=49.375, acc2=71.970, loss=1.399, lr=1.00000e-06]
Evaluation Classifier @ Epoch 40: 100% 4/4 [00:00<00:00,  4.75it/s, acc1=55.005, acc2=75.146, loss=1.283]
Training Classifier @ Epoch 41: 100% 43/43 [00:07<00:00,  5.65it/s, acc1=49.698, acc2=72.084, loss=1.394, lr=1.00000e-06]
Evaluation Classifier @ Epoch 41: 100% 4/4 [00:00<00:00,  4.83it/s, acc1=55.054, acc2=75.220, loss=1.283]
Training Classifier @ Epoch 42: 100% 43/43 [00:07<00:00,  5.70it/s, acc1=49.784, acc2=72.295, loss=1.392, lr=1.00000e-06]
Evaluation Classifier @ Epoch 42: 100% 4/4 [00:00<00:00,  4.64it/s, acc1=55.273, acc2=75.098, loss=1.283]
Training Classifier @ Epoch 43: 100% 43/43 [00:07<00:00,  5.70it/s, acc1=49.169, acc2=72.057, loss=1.396, lr=1.00000e-06]
Evaluation Classifier @ Epoch 43: 100% 4/4 [00:00<00:00,  4.71it/s, acc1=55.225, acc2=74.976, loss=1.283]
Training Classifier @ Epoch 44: 100% 43/43 [00:07<00:00,  5.66it/s, acc1=49.593, acc2=71.920, loss=1.395, lr=1.00000e-06]
Evaluation Classifier @ Epoch 44: 100% 4/4 [00:00<00:00,  4.65it/s, acc1=54.980, acc2=75.146, loss=1.284]
Training Classifier @ Epoch 45: 100% 43/43 [00:07<00:00,  5.56it/s, acc1=49.446, acc2=71.845, loss=1.395, lr=1.00000e-06]
Evaluation Classifier @ Epoch 45: 100% 4/4 [00:00<00:00,  4.75it/s, acc1=55.103, acc2=75.049, loss=1.284]
Training Classifier @ Epoch 46: 100% 43/43 [00:07<00:00,  5.58it/s, acc1=49.564, acc2=72.098, loss=1.395, lr=1.00000e-06]
Evaluation Classifier @ Epoch 46: 100% 4/4 [00:00<00:00,  4.66it/s, acc1=55.225, acc2=75.073, loss=1.284]
Training Classifier @ Epoch 47: 100% 43/43 [00:07<00:00,  5.61it/s, acc1=49.548, acc2=72.182, loss=1.398, lr=1.00000e-06]
Evaluation Classifier @ Epoch 47: 100% 4/4 [00:00<00:00,  4.56it/s, acc1=55.029, acc2=75.171, loss=1.283]
Training Classifier @ Epoch 48: 100% 43/43 [00:07<00:00,  5.65it/s, acc1=49.505, acc2=72.066, loss=1.394, lr=1.00000e-06]
Evaluation Classifier @ Epoch 48: 100% 4/4 [00:00<00:00,  4.60it/s, acc1=55.200, acc2=75.024, loss=1.283]
Training Classifier @ Epoch 49: 100% 43/43 [00:07<00:00,  5.61it/s, acc1=49.387, acc2=71.834, loss=1.393, lr=1.00000e-06]
Evaluation Classifier @ Epoch 49: 100% 4/4 [00:00<00:00,  4.76it/s, acc1=55.078, acc2=75.098, loss=1.283]
Training Classifier @ Epoch 50: 100% 43/43 [00:07<00:00,  5.62it/s, acc1=49.269, acc2=72.113, loss=1.393, lr=1.00000e-06]
Evaluation Classifier @ Epoch 50: 100% 4/4 [00:00<00:00,  4.68it/s, acc1=55.029, acc2=75.098, loss=1.283]
Training Classifier @ Epoch 51: 100% 43/43 [00:07<00:00,  5.66it/s, acc1=49.555, acc2=72.045, loss=1.397, lr=1.00000e-06]
Evaluation Classifier @ Epoch 51: 100% 4/4 [00:00<00:00,  4.48it/s, acc1=55.029, acc2=75.195, loss=1.283]
Training Classifier @ Epoch 52: 100% 43/43 [00:07<00:00,  5.53it/s, acc1=49.466, acc2=71.868, loss=1.395, lr=1.00000e-06]
Evaluation Classifier @ Epoch 52: 100% 4/4 [00:00<00:00,  4.67it/s, acc1=55.151, acc2=75.171, loss=1.283]
Training Classifier @ Epoch 53: 100% 43/43 [00:07<00:00,  5.52it/s, acc1=49.525, acc2=72.125, loss=1.393, lr=1.00000e-06]
Evaluation Classifier @ Epoch 53: 100% 4/4 [00:00<00:00,  4.67it/s, acc1=55.127, acc2=75.171, loss=1.283]
Training Classifier @ Epoch 54: 100% 43/43 [00:07<00:00,  5.66it/s, acc1=49.746, acc2=72.113, loss=1.390, lr=1.00000e-06]
Evaluation Classifier @ Epoch 54: 100% 4/4 [00:00<00:00,  4.61it/s, acc1=55.078, acc2=75.146, loss=1.283]
Training Classifier @ Epoch 55: 100% 43/43 [00:07<00:00,  5.65it/s, acc1=49.253, acc2=72.222, loss=1.397, lr=1.00000e-06]
Evaluation Classifier @ Epoch 55: 100% 4/4 [00:00<00:00,  4.73it/s, acc1=55.078, acc2=75.146, loss=1.283]
Training Classifier @ Epoch 56: 100% 43/43 [00:07<00:00,  5.58it/s, acc1=49.600, acc2=72.107, loss=1.393, lr=1.00000e-06]
Evaluation Classifier @ Epoch 56: 100% 4/4 [00:00<00:00,  4.54it/s, acc1=55.176, acc2=75.024, loss=1.283]
Training Classifier @ Epoch 57: 100% 43/43 [00:08<00:00,  5.32it/s, acc1=49.655, acc2=72.266, loss=1.392, lr=1.00000e-06]
Evaluation Classifier @ Epoch 57: 100% 4/4 [00:00<00:00,  4.57it/s, acc1=55.078, acc2=75.098, loss=1.282]
Training Classifier @ Epoch 58: 100% 43/43 [00:07<00:00,  5.56it/s, acc1=49.716, acc2=72.295, loss=1.391, lr=1.00000e-06]
Evaluation Classifier @ Epoch 58: 100% 4/4 [00:00<00:00,  4.55it/s, acc1=54.980, acc2=74.976, loss=1.283]
Training Classifier @ Epoch 59: 100% 43/43 [00:07<00:00,  5.58it/s, acc1=49.394, acc2=72.043, loss=1.393, lr=1.00000e-06]
Evaluation Classifier @ Epoch 59: 100% 4/4 [00:00<00:00,  4.61it/s, acc1=55.151, acc2=75.122, loss=1.283]
(Epoch: 59) > Model Saved.
Training Classifier @ Epoch 60: 100% 43/43 [00:07<00:00,  5.59it/s, acc1=49.659, acc2=72.272, loss=1.394, lr=1.00000e-06]
Evaluation Classifier @ Epoch 60: 100% 4/4 [00:00<00:00,  4.75it/s, acc1=55.103, acc2=75.195, loss=1.283]
Training Classifier @ Epoch 61: 100% 43/43 [00:07<00:00,  5.56it/s, acc1=49.232, acc2=72.014, loss=1.397, lr=1.00000e-06]
Evaluation Classifier @ Epoch 61: 100% 4/4 [00:00<00:00,  4.67it/s, acc1=55.029, acc2=75.000, loss=1.283]
Training Classifier @ Epoch 62: 100% 43/43 [00:07<00:00,  5.61it/s, acc1=49.475, acc2=71.977, loss=1.394, lr=1.00000e-06]
Evaluation Classifier @ Epoch 62: 100% 4/4 [00:00<00:00,  4.52it/s, acc1=55.127, acc2=75.024, loss=1.283]
Training Classifier @ Epoch 63: 100% 43/43 [00:07<00:00,  5.64it/s, acc1=49.444, acc2=72.091, loss=1.397, lr=1.00000e-06]
Evaluation Classifier @ Epoch 63: 100% 4/4 [00:00<00:00,  4.67it/s, acc1=55.078, acc2=75.146, loss=1.283]
Training Classifier @ Epoch 64: 100% 43/43 [00:07<00:00,  5.61it/s, acc1=49.532, acc2=72.009, loss=1.393, lr=1.00000e-06]
Evaluation Classifier @ Epoch 64: 100% 4/4 [00:00<00:00,  4.61it/s, acc1=55.103, acc2=75.220, loss=1.283]
Training Classifier @ Epoch 65: 100% 43/43 [00:07<00:00,  5.58it/s, acc1=49.623, acc2=72.004, loss=1.393, lr=1.00000e-06]
Evaluation Classifier @ Epoch 65: 100% 4/4 [00:00<00:00,  4.60it/s, acc1=55.078, acc2=75.122, loss=1.283]
Training Classifier @ Epoch 66: 100% 43/43 [00:07<00:00,  5.57it/s, acc1=49.305, acc2=72.000, loss=1.394, lr=1.00000e-06]
Evaluation Classifier @ Epoch 66: 100% 4/4 [00:00<00:00,  4.72it/s, acc1=55.151, acc2=75.000, loss=1.283]
Training Classifier @ Epoch 67: 100% 43/43 [00:07<00:00,  5.55it/s, acc1=49.750, acc2=72.272, loss=1.394, lr=1.00000e-06]
Evaluation Classifier @ Epoch 67: 100% 4/4 [00:00<00:00,  4.57it/s, acc1=55.005, acc2=75.220, loss=1.283]
Training Classifier @ Epoch 68: 100% 43/43 [00:07<00:00,  5.58it/s, acc1=49.428, acc2=71.909, loss=1.394, lr=1.00000e-06]
Evaluation Classifier @ Epoch 68: 100% 4/4 [00:00<00:00,  4.68it/s, acc1=55.127, acc2=75.122, loss=1.283]
Training Classifier @ Epoch 69: 100% 43/43 [00:07<00:00,  5.54it/s, acc1=49.664, acc2=72.111, loss=1.393, lr=1.00000e-06]
Evaluation Classifier @ Epoch 69: 100% 4/4 [00:00<00:00,  4.68it/s, acc1=55.054, acc2=75.098, loss=1.283]
Training Classifier @ Epoch 70: 100% 43/43 [00:07<00:00,  5.68it/s, acc1=49.307, acc2=72.225, loss=1.396, lr=1.00000e-06]
Evaluation Classifier @ Epoch 70: 100% 4/4 [00:00<00:00,  4.58it/s, acc1=55.151, acc2=75.098, loss=1.283]
Training Classifier @ Epoch 71: 100% 43/43 [00:07<00:00,  5.64it/s, acc1=49.491, acc2=71.986, loss=1.394, lr=1.00000e-06]
Evaluation Classifier @ Epoch 71: 100% 4/4 [00:00<00:00,  4.70it/s, acc1=55.005, acc2=75.171, loss=1.283]
Training Classifier @ Epoch 72: 100% 43/43 [00:07<00:00,  5.62it/s, acc1=49.410, acc2=72.059, loss=1.393, lr=1.00000e-06]
Evaluation Classifier @ Epoch 72: 100% 4/4 [00:00<00:00,  4.60it/s, acc1=55.151, acc2=75.171, loss=1.283]
Training Classifier @ Epoch 73: 100% 43/43 [00:07<00:00,  5.54it/s, acc1=49.850, acc2=72.061, loss=1.389, lr=1.00000e-06]
Evaluation Classifier @ Epoch 73: 100% 4/4 [00:00<00:00,  4.68it/s, acc1=55.029, acc2=75.098, loss=1.283]
Training Classifier @ Epoch 74: 100% 43/43 [00:07<00:00,  5.55it/s, acc1=49.525, acc2=72.136, loss=1.391, lr=1.00000e-06]
Evaluation Classifier @ Epoch 74: 100% 4/4 [00:00<00:00,  4.63it/s, acc1=55.078, acc2=75.244, loss=1.282]
Training Classifier @ Epoch 75: 100% 43/43 [00:07<00:00,  5.55it/s, acc1=49.466, acc2=72.073, loss=1.396, lr=1.00000e-06]
Evaluation Classifier @ Epoch 75: 100% 4/4 [00:00<00:00,  4.64it/s, acc1=54.956, acc2=75.171, loss=1.283]
Training Classifier @ Epoch 76: 100% 43/43 [00:07<00:00,  5.63it/s, acc1=49.659, acc2=72.329, loss=1.390, lr=1.00000e-06]
Evaluation Classifier @ Epoch 76: 100% 4/4 [00:00<00:00,  4.54it/s, acc1=54.932, acc2=75.220, loss=1.282]
Training Classifier @ Epoch 77: 100% 43/43 [00:07<00:00,  5.67it/s, acc1=49.559, acc2=72.093, loss=1.393, lr=1.00000e-06]
Evaluation Classifier @ Epoch 77: 100% 4/4 [00:00<00:00,  4.63it/s, acc1=55.151, acc2=75.122, loss=1.282]
Training Classifier @ Epoch 78: 100% 43/43 [00:07<00:00,  5.68it/s, acc1=49.287, acc2=72.007, loss=1.394, lr=1.00000e-06]
Evaluation Classifier @ Epoch 78: 100% 4/4 [00:00<00:00,  4.66it/s, acc1=55.127, acc2=75.122, loss=1.283]
Training Classifier @ Epoch 79: 100% 43/43 [00:07<00:00,  5.65it/s, acc1=49.287, acc2=72.241, loss=1.391, lr=1.00000e-06]
Evaluation Classifier @ Epoch 79: 100% 4/4 [00:00<00:00,  4.63it/s, acc1=55.176, acc2=75.195, loss=1.283]
(Epoch: 79) > Model Saved.
Training Classifier @ Epoch 80: 100% 43/43 [00:07<00:00,  5.63it/s, acc1=49.410, acc2=72.039, loss=1.394, lr=1.00000e-06]
Evaluation Classifier @ Epoch 80: 100% 4/4 [00:00<00:00,  4.63it/s, acc1=55.127, acc2=75.098, loss=1.283]
Training Classifier @ Epoch 81: 100% 43/43 [00:07<00:00,  5.67it/s, acc1=49.789, acc2=72.073, loss=1.395, lr=1.00000e-06]
Evaluation Classifier @ Epoch 81: 100% 4/4 [00:00<00:00,  4.64it/s, acc1=55.103, acc2=75.171, loss=1.282]
Training Classifier @ Epoch 82: 100% 43/43 [00:07<00:00,  5.62it/s, acc1=49.448, acc2=72.034, loss=1.393, lr=1.00000e-06]
Evaluation Classifier @ Epoch 82: 100% 4/4 [00:00<00:00,  4.60it/s, acc1=55.103, acc2=75.098, loss=1.283]
Training Classifier @ Epoch 83: 100% 43/43 [00:07<00:00,  5.65it/s, acc1=49.650, acc2=72.368, loss=1.392, lr=1.00000e-06]
Evaluation Classifier @ Epoch 83: 100% 4/4 [00:00<00:00,  4.65it/s, acc1=55.176, acc2=75.073, loss=1.282]
Training Classifier @ Epoch 84: 100% 43/43 [00:07<00:00,  5.64it/s, acc1=49.714, acc2=72.066, loss=1.394, lr=1.00000e-06]
Evaluation Classifier @ Epoch 84: 100% 4/4 [00:00<00:00,  4.56it/s, acc1=55.005, acc2=75.000, loss=1.282]
Training Classifier @ Epoch 85: 100% 43/43 [00:07<00:00,  5.62it/s, acc1=49.589, acc2=72.075, loss=1.395, lr=1.00000e-06]
Evaluation Classifier @ Epoch 85: 100% 4/4 [00:00<00:00,  4.68it/s, acc1=55.127, acc2=74.976, loss=1.282]
Training Classifier @ Epoch 86: 100% 43/43 [00:07<00:00,  5.62it/s, acc1=49.407, acc2=72.116, loss=1.396, lr=1.00000e-06]
Evaluation Classifier @ Epoch 86: 100% 4/4 [00:00<00:00,  4.64it/s, acc1=55.127, acc2=75.171, loss=1.282]
Training Classifier @ Epoch 87: 100% 43/43 [00:07<00:00,  5.57it/s, acc1=49.437, acc2=72.143, loss=1.395, lr=1.00000e-06]
Evaluation Classifier @ Epoch 87: 100% 4/4 [00:00<00:00,  4.63it/s, acc1=55.127, acc2=75.220, loss=1.282]
Training Classifier @ Epoch 88: 100% 43/43 [00:07<00:00,  5.54it/s, acc1=49.546, acc2=72.107, loss=1.399, lr=1.00000e-06]
Evaluation Classifier @ Epoch 88: 100% 4/4 [00:00<00:00,  4.36it/s, acc1=55.127, acc2=75.049, loss=1.282]
Training Classifier @ Epoch 89: 100% 43/43 [00:07<00:00,  5.50it/s, acc1=49.598, acc2=72.063, loss=1.393, lr=1.00000e-06]
Evaluation Classifier @ Epoch 89: 100% 4/4 [00:00<00:00,  4.48it/s, acc1=55.029, acc2=75.098, loss=1.283]
Training Classifier @ Epoch 90: 100% 43/43 [00:07<00:00,  5.61it/s, acc1=49.507, acc2=72.275, loss=1.390, lr=1.00000e-06]
Evaluation Classifier @ Epoch 90: 100% 4/4 [00:00<00:00,  4.72it/s, acc1=55.127, acc2=75.171, loss=1.282]
Training Classifier @ Epoch 91: 100% 43/43 [00:07<00:00,  5.68it/s, acc1=49.562, acc2=72.098, loss=1.393, lr=1.00000e-06]
Evaluation Classifier @ Epoch 91: 100% 4/4 [00:00<00:00,  4.67it/s, acc1=55.151, acc2=75.049, loss=1.282]
Training Classifier @ Epoch 92: 100% 43/43 [00:07<00:00,  5.65it/s, acc1=49.587, acc2=72.098, loss=1.395, lr=1.00000e-06]
Evaluation Classifier @ Epoch 92: 100% 4/4 [00:00<00:00,  4.61it/s, acc1=55.078, acc2=75.293, loss=1.282]
Training Classifier @ Epoch 93: 100% 43/43 [00:07<00:00,  5.69it/s, acc1=49.532, acc2=72.211, loss=1.394, lr=1.00000e-06]
Evaluation Classifier @ Epoch 93: 100% 4/4 [00:00<00:00,  4.69it/s, acc1=55.029, acc2=75.220, loss=1.282]
Training Classifier @ Epoch 94: 100% 43/43 [00:07<00:00,  5.52it/s, acc1=49.580, acc2=72.016, loss=1.396, lr=1.00000e-06]
Evaluation Classifier @ Epoch 94: 100% 4/4 [00:00<00:00,  4.53it/s, acc1=55.103, acc2=75.195, loss=1.282]
Training Classifier @ Epoch 95: 100% 43/43 [00:07<00:00,  5.49it/s, acc1=49.405, acc2=72.102, loss=1.394, lr=1.00000e-06]
Evaluation Classifier @ Epoch 95: 100% 4/4 [00:00<00:00,  4.27it/s, acc1=55.103, acc2=75.220, loss=1.282]
Training Classifier @ Epoch 96: 100% 43/43 [00:07<00:00,  5.55it/s, acc1=49.553, acc2=72.000, loss=1.397, lr=1.00000e-06]
Evaluation Classifier @ Epoch 96: 100% 4/4 [00:00<00:00,  4.61it/s, acc1=55.103, acc2=75.098, loss=1.282]
Training Classifier @ Epoch 97: 100% 43/43 [00:07<00:00,  5.56it/s, acc1=49.705, acc2=72.266, loss=1.393, lr=1.00000e-06]
Evaluation Classifier @ Epoch 97: 100% 4/4 [00:00<00:00,  4.59it/s, acc1=55.029, acc2=74.951, loss=1.282]
Training Classifier @ Epoch 98: 100% 43/43 [00:07<00:00,  5.64it/s, acc1=49.419, acc2=72.225, loss=1.395, lr=1.00000e-06]
Evaluation Classifier @ Epoch 98: 100% 4/4 [00:00<00:00,  4.53it/s, acc1=55.151, acc2=75.122, loss=1.282]
Training Classifier @ Epoch 99: 100% 43/43 [00:07<00:00,  5.60it/s, acc1=49.546, acc2=72.272, loss=1.390, lr=1.00000e-06]
Evaluation Classifier @ Epoch 99: 100% 4/4 [00:00<00:00,  4.72it/s, acc1=55.249, acc2=75.049, loss=1.282]
(Epoch: 99) > Model Saved.
Evaluation Classifier: 100% 9/9 [00:01<00:00,  5.21it/s, acc1=53.678, acc2=75.065, loss=1.298]